<?xml version="1.0" encoding="utf-8"?><testsuites name="pytest tests"><testsuite name="pytest" errors="0" failures="0" skipped="0" tests="21" time="3.582" timestamp="2026-05-16T05:49:44.634302+00:00" hostname="agent-env-0893b888-2947-4542-b9fd-1c1aa298fff6"><testcase classname="backend.tests.test_iteration18_trading_style_execution.TestStyleMultipliers" name="test_style_multiplier_applied[aggressive_scalping-0.15-2]" time="0.271" /><testcase classname="backend.tests.test_iteration18_trading_style_execution.TestStyleMultipliers" name="test_style_multiplier_applied[day_trading-0.1-1]" time="0.146" /><testcase classname="backend.tests.test_iteration18_trading_style_execution.TestStyleMultipliers" name="test_style_multiplier_applied[scalping-0.1-1]" time="0.145" /><testcase classname="backend.tests.test_iteration18_trading_style_execution.TestStyleMultipliers" name="test_style_multiplier_applied[swing_trading-0.12-1]" time="0.168" /><testcase classname="backend.tests.test_iteration18_trading_style_execution.TestStyleMultipliers" name="test_style_multiplier_applied[martingale-0.1-1]" time="0.147" /><testcase classname="backend.tests.test_iteration18_trading_style_execution.TestAuditFields" name="test_audit_fields_present" time="0.158" /><testcase classname="backend.tests.test_iteration18_trading_style_execution.TestAuditFields" name="test_audit_fields_for_martingale_with_streak" time="0.105" /><testcase classname="backend.tests.test_iteration18_trading_style_execution.TestMartingaleDoubling" name="test_streak_0" time="0.112" /><testcase classname="backend.tests.test_iteration18_trading_style_execution.TestMartingaleDoubling" name="test_streak_2_doubles_4x" time="0.153" /><testcase classname="backend.tests.test_iteration18_trading_style_execution.TestMartingaleDoubling" name="test_streak_10_caps_at_32x" time="0.096" /><testcase classname="backend.tests.test_iteration18_trading_style_execution.TestMartingaleDoubling" name="test_close_not_doubled" time="0.106" /><testcase classname="backend.tests.test_iteration18_trading_style_execution.TestAckStreakMaintenance" name="test_failed_ack_increments" time="0.375" /><testcase classname="backend.tests.test_iteration18_trading_style_execution.TestAckStreakMaintenance" name="test_executed_ack_resets" time="0.221" /><testcase classname="backend.tests.test_iteration18_trading_style_execution.TestAckStreakMaintenance" name="test_skipped_ack_unchanged" time="0.221" /><testcase classname="backend.tests.test_iteration18_trading_style_execution.TestAckStreakMaintenance" name="test_non_martingale_failed_ack_does_not_increment" time="0.222" /><testcase classname="backend.tests.test_iteration18_trading_style_execution.TestStyleSwitchResetsStreak" name="test_switch_resets_streak" time="0.104" /><testcase classname="backend.tests.test_iteration18_trading_style_execution.TestStyleSwitchResetsStreak" name="test_switch_to_same_style_resets" time="0.112" /><testcase classname="backend.tests.test_iteration18_trading_style_execution.TestRegression" name="test_symbol_not_in_allow_list" time="0.107" /><testcase classname="backend.tests.test_iteration18_trading_style_execution.TestRegression" name="test_direction_filter_buy_only" time="0.113" /><testcase classname="backend.tests.test_iteration18_trading_style_execution.TestRegression" name="test_direction_filter_both_allows_buy" time="0.122" /><testcase classname="backend.tests.test_iteration18_trading_style_execution.TestRegression" name="test_eligible_clients_count" time="0.117" /></testsuite></testsuites>