<?xml version="1.0" encoding="utf-8"?><testsuites name="pytest tests"><testsuite name="pytest" errors="0" failures="1" skipped="0" tests="7" time="1.335" timestamp="2026-05-15T04:51:47.911810+00:00" hostname="agent-env-0893b888-2947-4542-b9fd-1c1aa298fff6"><testcase classname="backend.tests.test_iteration13.TestCheckoutUrls" name="test_checkout_returns_success_and_cancel_urls" time="0.241"><failure message="AssertionError: register failed: 422 {&quot;detail&quot;:[{&quot;type&quot;:&quot;missing&quot;,&quot;loc&quot;:[&quot;body&quot;,&quot;username&quot;],&quot;msg&quot;:&quot;Field required&quot;,&quot;input&quot;:{&quot;name&quot;:&quot;Iter13 Chk&quot;,&quot;email&quot;:&quot;TEST_iter13_chk_1778820708_e26bfc@test.com&quot;,&quot;password&quot;:&quot;Passw0rd!&quot;,&quot;experience_years&quot;:1,&quot;trading_style&quot;:&quot;Scalping&quot;,&quot;preferred_markets&quot;:[&quot;Forex&quot;],&quot;bio&quot;:&quot;iter13 checkout test&quot;},&quot;url&quot;:&quot;https://errors.pydantic.dev/2.13/v/missing&quot;},{&quot;type&quot;:&quot;missing&quot;,&quot;loc&quot;:[&quot;body&quot;,&quot;country_code&quot;],&quot;msg&quot;:&quot;Field required&quot;,&quot;input&quot;:{&quot;name&quot;:&quot;Iter13 Chk&quot;,&quot;email&quot;:&quot;TEST_iter13_chk_1778820708_e26bfc@test.com&quot;,&quot;password&quot;:&quot;Passw0rd!&quot;,&quot;experience_years&quot;:1,&quot;trading_style&quot;:&quot;Scalping&quot;,&quot;preferred_markets&quot;:[&quot;Forex&quot;],&quot;bio&quot;:&quot;iter13 checkout test&quot;},&quot;url&quot;:&quot;https://errors.pydantic.dev/2.13/v/missing&quot;},{&quot;type&quot;:&quot;missing&quot;,&quot;loc&quot;:[&quot;body&quot;,&quot;contact_number&quot;],&quot;msg&quot;:&quot;Field required&quot;,&quot;input&quot;:{&quot;name&quot;:&quot;Iter13 Chk&quot;,&quot;email&quot;:&quot;TEST_iter13_chk_1778820708_e26bfc@test.com&quot;,&quot;password&quot;:&quot;Passw0rd!&quot;,&quot;experience_years&quot;:1,&quot;trading_style&quot;:&quot;Scalping&quot;,&quot;preferred_markets&quot;:[&quot;Forex&quot;],&quot;bio&quot;:&quot;iter13 checkout test&quot;},&quot;url&quot;:&quot;https://errors.pydantic.dev/2.13/v/missing&quot;}]}&#10;assert 422 in (200, 201)&#10; +  where 422 = &lt;Response [422]&gt;.status_code">backend/tests/test_iteration13.py:65: in test_checkout_returns_success_and_cancel_urls
    assert r.status_code in (200, 201), f"register failed: {r.status_code} {r.text}"
E   AssertionError: register failed: 422 {"detail":[{"type":"missing","loc":["body","username"],"msg":"Field required","input":{"name":"Iter13 Chk","email":"TEST_iter13_chk_1778820708_e26bfc@test.com","password":"Passw0rd!","experience_years":1,"trading_style":"Scalping","preferred_markets":["Forex"],"bio":"iter13 checkout test"},"url":"https://errors.pydantic.dev/2.13/v/missing"},{"type":"missing","loc":["body","country_code"],"msg":"Field required","input":{"name":"Iter13 Chk","email":"TEST_iter13_chk_1778820708_e26bfc@test.com","password":"Passw0rd!","experience_years":1,"trading_style":"Scalping","preferred_markets":["Forex"],"bio":"iter13 checkout test"},"url":"https://errors.pydantic.dev/2.13/v/missing"},{"type":"missing","loc":["body","contact_number"],"msg":"Field required","input":{"name":"Iter13 Chk","email":"TEST_iter13_chk_1778820708_e26bfc@test.com","password":"Passw0rd!","experience_years":1,"trading_style":"Scalping","preferred_markets":["Forex"],"bio":"iter13 checkout test"},"url":"https://errors.pydantic.dev/2.13/v/missing"}]}
E   assert 422 in (200, 201)
E    +  where 422 = &lt;Response [422]&gt;.status_code</failure></testcase><testcase classname="backend.tests.test_iteration13.TestCheckoutUrls" name="test_checkout_already_approved_short_circuits" time="0.105" /><testcase classname="backend.tests.test_iteration13.TestWebhookHmac" name="test_unsigned_webhook_rejected" time="0.133" /><testcase classname="backend.tests.test_iteration13.TestWebhookHmac" name="test_bad_signature_rejected" time="0.106" /><testcase classname="backend.tests.test_iteration13.TestWebhookHmac" name="test_valid_signature_processes" time="0.141" /><testcase classname="backend.tests.test_iteration13.TestDeviceCollision" name="test_second_device_returns_409" time="0.335" /><testcase classname="backend.tests.test_iteration13.TestStatusEndpoint" name="test_status_for_approved" time="0.097" /></testsuite></testsuites>