<?xml version="1.0" encoding="utf-8"?><testsuites name="pytest tests"><testsuite name="pytest" errors="0" failures="0" skipped="0" tests="9" time="1.893" timestamp="2026-05-15T04:43:10.183498+00:00" hostname="agent-env-0893b888-2947-4542-b9fd-1c1aa298fff6"><testcase classname="backend.tests.test_iteration12.TestVerifyAccountStatus" name="test_status_public_no_auth" time="0.423" /><testcase classname="backend.tests.test_iteration12.TestVerifyAccountStatus" name="test_status_unknown_404" time="0.050" /><testcase classname="backend.tests.test_iteration12.TestWebhookAutoApprove" name="test_pending_mentor_gets_auto_approved" time="0.259" /><testcase classname="backend.tests.test_iteration12.TestWebhookAutoApprove" name="test_already_approved_status_unchanged" time="0.112" /><testcase classname="backend.tests.test_iteration12.TestActivateLicenseDeviceBinding" name="test_first_activation_records_device" time="0.534" /><testcase classname="backend.tests.test_iteration12.TestActivateLicenseDeviceBinding" name="test_missing_device_id_legacy_ok" time="0.052" /><testcase classname="backend.tests.test_iteration12.TestActivateLicenseDeviceBinding" name="test_release_clears_bound_device_and_allows_new_device" time="0.161" /><testcase classname="backend.tests.test_iteration12.TestRegression" name="test_connect_broker_returns_pending_approval" time="0.100" /><testcase classname="backend.tests.test_iteration12.TestRegression" name="test_ea_start_endpoint" time="0.051" /></testsuite></testsuites>