<?xml version="1.0" encoding="utf-8"?><testsuites name="pytest tests"><testsuite name="pytest" errors="0" failures="0" skipped="0" tests="13" time="7.896" timestamp="2026-05-14T08:42:58.316614+00:00" hostname="agent-env-0893b888-2947-4542-b9fd-1c1aa298fff6"><testcase classname="backend.tests.test_iteration5.TestPaymentGate" name="test_login_pending_unpaid_returns_402" time="0.736" /><testcase classname="backend.tests.test_iteration5.TestPaymentGate" name="test_verify_click_then_login_returns_403" time="0.455" /><testcase classname="backend.tests.test_iteration5.TestPaymentGate" name="test_admin_approve_then_login_returns_200" time="0.780" /><testcase classname="backend.tests.test_iteration5.TestBrokerConnect" name="test_connect_broker_mt5_happy" time="1.230" /><testcase classname="backend.tests.test_iteration5.TestBrokerConnect" name="test_activate_license_now_includes_broker_summary" time="0.118" /><testcase classname="backend.tests.test_iteration5.TestBrokerConnect" name="test_connect_broker_mt4" time="0.128" /><testcase classname="backend.tests.test_iteration5.TestBrokerConnect" name="test_connect_broker_invalid_platform_422" time="0.094" /><testcase classname="backend.tests.test_iteration5.TestBrokerConnect" name="test_connect_broker_short_fields_422" time="0.120" /><testcase classname="backend.tests.test_iteration5.TestBrokerConnect" name="test_connect_broker_invalid_license_404" time="0.111" /><testcase classname="backend.tests.test_iteration5.TestBrokerConnect" name="test_connect_broker_bound_to_other_email_403" time="0.110" /><testcase classname="backend.tests.test_iteration5.TestBrokerConnect" name="test_password_stored_encrypted" time="0.015" /><testcase classname="backend.tests.test_iteration5.TestBrokerConnect" name="test_disconnect_broker" time="0.254" /><testcase classname="backend.tests.test_iteration5.TestRateLimit" name="test_zz_rate_limit_check_email_429" time="3.582" /></testsuite></testsuites>