<?xml version="1.0" encoding="utf-8"?><testsuites name="pytest tests"><testsuite name="pytest" errors="0" failures="0" skipped="1" tests="14" time="2.849" timestamp="2026-05-15T04:12:07.413446+00:00" hostname="agent-env-0893b888-2947-4542-b9fd-1c1aa298fff6"><testcase classname="backend.tests.test_iteration11.TestConfigAndStatus" name="test_public_config" time="0.161" /><testcase classname="backend.tests.test_iteration11.TestConfigAndStatus" name="test_admin_status_requires_auth" time="0.050" /><testcase classname="backend.tests.test_iteration11.TestConfigAndStatus" name="test_admin_status_ok" time="0.324" /><testcase classname="backend.tests.test_iteration11.TestCheckout" name="test_checkout_unknown_email_404" time="0.049" /><testcase classname="backend.tests.test_iteration11.TestCheckout" name="test_checkout_already_approved" time="0.047" /><testcase classname="backend.tests.test_iteration11.TestCheckout" name="test_checkout_happy_path_live" time="0.795" /><testcase classname="backend.tests.test_iteration11.TestAdminWebhookRegister" name="test_register_requires_auth" time="0.133" /><testcase classname="backend.tests.test_iteration11.TestAdminWebhookRegister" name="test_register_webhook_live" time="0.047"><skipped type="pytest.skip" message="Webhook already registered earlier — skipping re-register to avoid duplicate Yoco subscription.">/app/backend/tests/test_iteration11.py:131: Webhook already registered earlier — skipping re-register to avoid duplicate Yoco subscription.</skipped></testcase><testcase classname="backend.tests.test_iteration11.TestWebhookReceiver" name="test_missing_headers_when_secret_registered" time="0.130" /><testcase classname="backend.tests.test_iteration11.TestWebhookReceiver" name="test_bad_signature_401" time="0.151" /><testcase classname="backend.tests.test_iteration11.TestWebhookReceiver" name="test_valid_signature_marks_payment_confirmed_and_idempotent" time="0.448" /><testcase classname="backend.tests.test_iteration11.TestLegacyClick" name="test_click_unknown_404" time="0.049" /><testcase classname="backend.tests.test_iteration11.TestLegacyClick" name="test_click_approved" time="0.047" /><testcase classname="backend.tests.test_iteration11.TestLegacyClick" name="test_click_pending_returns_payment_link" time="0.323" /></testsuite></testsuites>