<?xml version="1.0" encoding="utf-8"?><testsuites name="pytest tests"><testsuite name="pytest" errors="0" failures="0" skipped="0" tests="14" time="4.875" timestamp="2026-05-14T10:17:16.638290+00:00" hostname="agent-env-0893b888-2947-4542-b9fd-1c1aa298fff6"><testcase classname="backend.tests.test_iteration6.TestVerifyClick" name="test_already_approved_admin" time="0.237" /><testcase classname="backend.tests.test_iteration6.TestVerifyClick" name="test_pending_first_then_already_paid" time="0.601" /><testcase classname="backend.tests.test_iteration6.TestVerifyClick" name="test_unknown_email_404" time="0.095" /><testcase classname="backend.tests.test_iteration6.TestActivateLicenseEnriched" name="test_includes_allowed_symbols_and_pair_configs" time="1.942" /><testcase classname="backend.tests.test_iteration6.TestPairConfig" name="test_happy_path_save_and_persist" time="0.202" /><testcase classname="backend.tests.test_iteration6.TestPairConfig" name="test_upsert_same_symbol_updates" time="0.206" /><testcase classname="backend.tests.test_iteration6.TestPairConfig" name="test_symbol_not_in_allowed_400" time="0.135" /><testcase classname="backend.tests.test_iteration6.TestPairConfig" name="test_invalid_direction_422" time="0.096" /><testcase classname="backend.tests.test_iteration6.TestPairConfig" name="test_invalid_platform_422" time="0.101" /><testcase classname="backend.tests.test_iteration6.TestPairConfig" name="test_invalid_lot_size_422" time="0.322" /><testcase classname="backend.tests.test_iteration6.TestPairConfig" name="test_invalid_max_trades_422" time="0.300" /><testcase classname="backend.tests.test_iteration6.TestPairConfig" name="test_invalid_license_404" time="0.097" /><testcase classname="backend.tests.test_iteration6.TestPairConfig" name="test_license_bound_to_other_email_403" time="0.104" /><testcase classname="backend.tests.test_iteration6.TestPairConfig" name="test_delete_pair_config" time="0.339" /></testsuite></testsuites>