<?xml version="1.0" encoding="utf-8"?><testsuites name="pytest tests"><testsuite name="pytest" errors="0" failures="0" skipped="0" tests="5" time="0.827" timestamp="2026-05-16T06:10:17.147227+00:00" hostname="agent-env-0893b888-2947-4542-b9fd-1c1aa298fff6"><testcase classname="backend.tests.test_iteration19_trade_signals" name="test_happy_path_returns_three_sorted_desc" time="0.228" /><testcase classname="backend.tests.test_iteration19_trade_signals" name="test_response_shape" time="0.109" /><testcase classname="backend.tests.test_iteration19_trade_signals" name="test_unknown_licence_returns_404" time="0.101" /><testcase classname="backend.tests.test_iteration19_trade_signals" name="test_email_mismatch_returns_403_when_bound" time="0.139" /><testcase classname="backend.tests.test_iteration19_trade_signals" name="test_caps_at_three_with_many_signals" time="0.107" /></testsuite></testsuites>