<?xml version="1.0" encoding="utf-8"?><testsuites name="pytest tests"><testsuite name="pytest" errors="0" failures="0" skipped="0" tests="25" time="6.041" timestamp="2026-05-23T09:37:03.027765+00:00" hostname="agent-env-0893b888-2947-4542-b9fd-1c1aa298fff6"><testcase classname="backend.tests.test_iteration25_scanner.TestTradeSignals5MinFilter" name="test_old_signals_filtered_out" time="0.261" /><testcase classname="backend.tests.test_iteration25_scanner.TestAdminInstantSignal" name="test_no_auth_rejected" time="0.126" /><testcase classname="backend.tests.test_iteration25_scanner.TestAdminInstantSignal" name="test_mentor_jwt_rejected" time="0.478" /><testcase classname="backend.tests.test_iteration25_scanner.TestAdminInstantSignal" name="test_unknown_licence_404" time="0.558" /><testcase classname="backend.tests.test_iteration25_scanner.TestAdminInstantSignal" name="test_instant_executed_creates_signal" time="0.112" /><testcase classname="backend.tests.test_iteration25_scanner.TestAdminInstantSignal" name="test_instant_closed_creates_signal" time="0.151" /><testcase classname="backend.tests.test_iteration25_scanner.TestScannerExecuteRequest" name="test_wrong_email_rejected" time="0.143" /><testcase classname="backend.tests.test_iteration25_scanner.TestScannerExecuteRequest" name="test_unknown_scan_404" time="0.147" /><testcase classname="backend.tests.test_iteration25_scanner.TestScannerExecuteRequest" name="test_not_my_scan_403" time="0.125" /><testcase classname="backend.tests.test_iteration25_scanner.TestScannerExecuteRequest" name="test_neutral_scan_rejected" time="0.103" /><testcase classname="backend.tests.test_iteration25_scanner.TestScannerExecuteRequest" name="test_happy_path_sets_verifying" time="0.206" /><testcase classname="backend.tests.test_iteration25_scanner.TestScannerPurchaseAndAdminFlow" name="test_purchase_creates_pending" time="0.138" /><testcase classname="backend.tests.test_iteration25_scanner.TestScannerPurchaseAndAdminFlow" name="test_admin_list_purchases" time="0.115" /><testcase classname="backend.tests.test_iteration25_scanner.TestScannerPurchaseAndAdminFlow" name="test_admin_list_requires_admin" time="0.119" /><testcase classname="backend.tests.test_iteration25_scanner.TestScannerPurchaseAndAdminFlow" name="test_approve_100_pack_increments_balance" time="0.207" /><testcase classname="backend.tests.test_iteration25_scanner.TestScannerPurchaseAndAdminFlow" name="test_approve_unlimited_sets_plan" time="0.101" /><testcase classname="backend.tests.test_iteration25_scanner.TestScannerPurchaseAndAdminFlow" name="test_decline_records_reason" time="0.101" /><testcase classname="backend.tests.test_iteration25_scanner.TestScannerPurchaseAndAdminFlow" name="test_decline_requires_admin" time="0.102" /><testcase classname="backend.tests.test_iteration25_scanner.TestAdminScansFields" name="test_includes_execution_fields" time="0.105" /><testcase classname="backend.tests.test_iteration25_scanner.TestScannerBalance" name="test_balance_returns_shape" time="0.100" /><testcase classname="backend.tests.test_iteration25_scanner.TestAdminScanTopup" name="test_100_topup" time="0.105" /><testcase classname="backend.tests.test_iteration25_scanner.TestAdminScanTopup" name="test_custom_topup" time="0.109" /><testcase classname="backend.tests.test_iteration25_scanner.TestQueuedSignalRegression" name="test_queued_signal_remains_pending" time="0.107" /><testcase classname="backend.tests.test_iteration25_scanner.TestScannerUploadVision" name="test_upload_returns_shape_or_skip" time="1.852" /><testcase classname="backend.tests.test_iteration25_scanner.TestScannerUploadVision" name="test_upload_402_when_out_of_scans" time="0.121" /></testsuite></testsuites>