<?xml version="1.0" encoding="utf-8"?><testsuites name="pytest tests"><testsuite name="pytest" errors="0" failures="0" skipped="0" tests="12" time="2.840" timestamp="2026-05-15T15:43:29.585132+00:00" hostname="agent-env-0893b888-2947-4542-b9fd-1c1aa298fff6"><testcase classname="backend.tests.test_iteration17_trading_style.TestTradingStyleEndpoint" name="test_valid_styles[aggressive_scalping-expected0]" time="0.486" /><testcase classname="backend.tests.test_iteration17_trading_style.TestTradingStyleEndpoint" name="test_valid_styles[martingale-expected1]" time="0.115" /><testcase classname="backend.tests.test_iteration17_trading_style.TestTradingStyleEndpoint" name="test_valid_styles[scalping-expected2]" time="0.124" /><testcase classname="backend.tests.test_iteration17_trading_style.TestTradingStyleEndpoint" name="test_valid_styles[swing_trading-expected3]" time="0.151" /><testcase classname="backend.tests.test_iteration17_trading_style.TestTradingStyleEndpoint" name="test_valid_styles[day_trading-expected4]" time="0.142" /><testcase classname="backend.tests.test_iteration17_trading_style.TestTradingStyleEndpoint" name="test_invalid_style" time="0.157" /><testcase classname="backend.tests.test_iteration17_trading_style.TestTradingStyleEndpoint" name="test_unknown_license" time="0.133" /><testcase classname="backend.tests.test_iteration17_trading_style.TestTradingStyleEndpoint" name="test_email_mismatch" time="0.145" /><testcase classname="backend.tests.test_iteration17_trading_style.TestActivateLicenseReturnsTradingStyle" name="test_activate_returns_style" time="0.229" /><testcase classname="backend.tests.test_iteration17_trading_style.TestAdminBrokerConnectionsEnriched" name="test_admin_sees_trading_style" time="0.879" /><testcase classname="backend.tests.test_iteration17_trading_style.TestBrokerConnectCopyRegression" name="test_connect_broker_notice_text" time="0.109" /><testcase classname="backend.tests.test_iteration17_trading_style" name="test_cleanup_unbind" time="0.000" /></testsuite></testsuites>