<?xml version="1.0" encoding="utf-8"?><testsuites name="pytest tests"><testsuite name="pytest" errors="0" failures="0" skipped="0" tests="9" time="3.091" timestamp="2026-05-14T13:38:41.523016+00:00" hostname="agent-env-0893b888-2947-4542-b9fd-1c1aa298fff6"><testcase classname="backend.tests.test_iteration8.TestAdminBrokerConnectionsAuth" name="test_no_token_returns_401_or_403" time="0.158" /><testcase classname="backend.tests.test_iteration8.TestAdminBrokerConnectionsAuth" name="test_non_admin_user_returns_403" time="0.492" /><testcase classname="backend.tests.test_iteration8.TestAdminBrokerConnectionsAuth" name="test_admin_returns_200_list" time="0.438" /><testcase classname="backend.tests.test_iteration8.TestAdminBrokerConnectionsRoundTrip" name="test_empty_or_clean_then_link" time="0.394" /><testcase classname="backend.tests.test_iteration8.TestAdminBrokerConnectionsRoundTrip" name="test_disconnect_removes_row" time="0.773" /><testcase classname="backend.tests.test_iteration8.TestAdminBrokerConnectionsRoundTrip" name="test_order_desc_by_connected_at" time="0.235" /><testcase classname="backend.tests.test_iteration8.TestRegression" name="test_check_email" time="0.185" /><testcase classname="backend.tests.test_iteration8.TestRegression" name="test_activate_license_idempotent" time="0.110" /><testcase classname="backend.tests.test_iteration8.TestRegression" name="test_connect_broker_happy_path" time="0.235" /></testsuite></testsuites>