<?xml version="1.0" encoding="utf-8"?><testsuites name="pytest tests"><testsuite name="pytest" errors="0" failures="0" skipped="0" tests="17" time="3.711" timestamp="2026-05-23T05:11:51.009131+00:00" hostname="agent-env-0893b888-2947-4542-b9fd-1c1aa298fff6"><testcase classname="backend.tests.test_iteration20_admin_push.TestAdminPushSignal" name="test_requires_auth" time="0.149" /><testcase classname="backend.tests.test_iteration20_admin_push.TestAdminPushSignal" name="test_mentor_jwt_rejected" time="0.427" /><testcase classname="backend.tests.test_iteration20_admin_push.TestAdminPushSignal" name="test_unknown_licence_404" time="0.430" /><testcase classname="backend.tests.test_iteration20_admin_push.TestAdminPushSignal" name="test_no_broker_400" time="0.093" /><testcase classname="backend.tests.test_iteration20_admin_push.TestAdminPushSignal" name="test_broker_not_approved_400" time="0.103" /><testcase classname="backend.tests.test_iteration20_admin_push.TestAdminPushSignal" name="test_symbol_not_in_pairs_400" time="0.101" /><testcase classname="backend.tests.test_iteration20_admin_push.TestAdminPushSignal" name="test_happy_path" time="0.116" /><testcase classname="backend.tests.test_iteration20_admin_push.TestBridgeExecuting" name="test_jobs_flip_to_executing" time="0.205" /><testcase classname="backend.tests.test_iteration20_admin_push.TestBridgeExecuting" name="test_executing_redelivered_after_cutoff" time="0.233" /><testcase classname="backend.tests.test_iteration20_admin_push.TestAckLowBalance" name="test_low_balance_detection[10019]" time="0.214" /><testcase classname="backend.tests.test_iteration20_admin_push.TestAckLowBalance" name="test_low_balance_detection[Not enough money]" time="0.209" /><testcase classname="backend.tests.test_iteration20_admin_push.TestAckLowBalance" name="test_low_balance_detection[insufficient funds]" time="0.227" /><testcase classname="backend.tests.test_iteration20_admin_push.TestAckLowBalance" name="test_low_balance_detection[no money]" time="0.220" /><testcase classname="backend.tests.test_iteration20_admin_push.TestAckLowBalance" name="test_low_balance_detection[free margin]" time="0.187" /><testcase classname="backend.tests.test_iteration20_admin_push.TestAckLowBalance" name="test_other_failure_stays_failed" time="0.236" /><testcase classname="backend.tests.test_iteration20_admin_push.TestAckLowBalance" name="test_ack_idempotent" time="0.311" /><testcase classname="backend.tests.test_iteration20_admin_push.TestMobileTradeSignalsPassthrough" name="test_passthrough_statuses" time="0.109" /></testsuite></testsuites>