<?xml version="1.0" encoding="utf-8"?><testsuites name="pytest tests"><testsuite name="pytest" errors="0" failures="0" skipped="0" tests="16" time="3.026" timestamp="2026-05-14T14:52:24.207255+00:00" hostname="agent-env-0893b888-2947-4542-b9fd-1c1aa298fff6"><testcase classname="backend.tests.test_iteration10.TestPatchProfile" name="test_patch_profile_without_auth" time="0.288" /><testcase classname="backend.tests.test_iteration10.TestPatchProfile" name="test_patch_username_only" time="0.609" /><testcase classname="backend.tests.test_iteration10.TestPatchProfile" name="test_patch_empty_body_is_noop" time="0.133" /><testcase classname="backend.tests.test_iteration10.TestPatchProfile" name="test_patch_profile_image_valid_data_url" time="0.122" /><testcase classname="backend.tests.test_iteration10.TestPatchProfile" name="test_patch_profile_image_invalid_string" time="0.057" /><testcase classname="backend.tests.test_iteration10.TestPatchProfile" name="test_patch_profile_image_empty_clears" time="0.194" /><testcase classname="backend.tests.test_iteration10.TestPatchProfile" name="test_patch_username_empty_string_422" time="0.063" /><testcase classname="backend.tests.test_iteration10.TestPatchProfile" name="test_patch_contact_number_empty_string_422" time="0.057" /><testcase classname="backend.tests.test_iteration10.TestPatchProfile" name="test_patch_email_field_ignored" time="0.120" /><testcase classname="backend.tests.test_iteration10.TestPatchProfile" name="test_patch_country_and_contact" time="0.137" /><testcase classname="backend.tests.test_iteration10.TestMeShape" name="test_me_contains_profile_image_field" time="0.057" /><testcase classname="backend.tests.test_iteration10.TestActivateLicenseMentorImage" name="test_mentor_profile_image_null_when_unset" time="0.222" /><testcase classname="backend.tests.test_iteration10.TestActivateLicenseMentorImage" name="test_mentor_profile_image_returns_data_url_when_set" time="0.272" /><testcase classname="backend.tests.test_iteration10.TestIter9Regression" name="test_activate_license_basic" time="0.159" /><testcase classname="backend.tests.test_iteration10.TestIter9Regression" name="test_dashboard_summary_auth" time="0.059" /><testcase classname="backend.tests.test_iteration10.TestIter9Regression" name="test_admin_stats" time="0.387" /></testsuite></testsuites>