<?xml version="1.0" encoding="utf-8"?><testsuites name="pytest tests"><testsuite name="pytest" errors="0" failures="0" skipped="0" tests="16" time="7.188" timestamp="2026-05-14T14:23:00.236887+00:00" hostname="agent-env-0893b888-2947-4542-b9fd-1c1aa298fff6"><testcase classname="backend.tests.test_iteration9.TestBrokerConnectPending" name="test_connect_returns_pending_approval" time="1.018" /><testcase classname="backend.tests.test_iteration9.TestAdminDecideAuth" name="test_approve_requires_admin_no_token" time="0.145" /><testcase classname="backend.tests.test_iteration9.TestAdminDecideAuth" name="test_decline_requires_admin_no_token" time="0.159" /><testcase classname="backend.tests.test_iteration9.TestAdminDecideAuth" name="test_approve_non_admin_returns_403" time="0.492" /><testcase classname="backend.tests.test_iteration9.TestAdminDecideAuth" name="test_approve_unknown_license_404" time="0.122" /><testcase classname="backend.tests.test_iteration9.TestAdminDecideAuth" name="test_decline_unknown_license_404" time="0.149" /><testcase classname="backend.tests.test_iteration9.TestEaStartGating" name="test_start_with_pending_broker_returns_425" time="0.629" /><testcase classname="backend.tests.test_iteration9.TestEaStartGating" name="test_start_with_declined_broker_returns_403" time="0.257" /><testcase classname="backend.tests.test_iteration9.TestEaStartGating" name="test_start_no_broker_returns_400" time="0.264" /><testcase classname="backend.tests.test_iteration9.TestDeclineReasonAndHappyStart" name="test_decline_default_reason" time="0.536" /><testcase classname="backend.tests.test_iteration9.TestDeclineReasonAndHappyStart" name="test_approve_then_start_happy_path" time="0.738" /><testcase classname="backend.tests.test_iteration9.TestActivateLicensePayload" name="test_activate_license_includes_broker_status_and_session" time="0.127" /><testcase classname="backend.tests.test_iteration9.TestDeclineStopsRunningSession" name="test_decline_running_session_flips_to_stopped" time="0.243" /><testcase classname="backend.tests.test_iteration9.TestEaStop" name="test_stop_endpoint_sets_status" time="0.907" /><testcase classname="backend.tests.test_iteration9.TestRegressionAndAdminPairs" name="test_admin_list_includes_pairs_when_session" time="0.142" /><testcase classname="backend.tests.test_iteration9.TestRegressionAndAdminPairs" name="test_start_without_pairs_400" time="1.192" /></testsuite></testsuites>