<?xml version="1.0" encoding="utf-8"?><testsuites name="pytest tests"><testsuite name="pytest" errors="0" failures="0" skipped="0" tests="19" time="6.416" timestamp="2026-05-14T10:36:23.730252+00:00" hostname="agent-env-0893b888-2947-4542-b9fd-1c1aa298fff6"><testcase classname="backend.tests.test_iteration7.TestMentorApiKey" name="test_get_returns_null_initially" time="2.160" /><testcase classname="backend.tests.test_iteration7.TestMentorApiKey" name="test_rotate_creates_key" time="0.196" /><testcase classname="backend.tests.test_iteration7.TestMentorApiKey" name="test_rotate_replaces_and_old_stops_working" time="0.247" /><testcase classname="backend.tests.test_iteration7.TestMentorPushAuth" name="test_no_auth" time="0.096" /><testcase classname="backend.tests.test_iteration7.TestMentorPushAuth" name="test_invalid_key" time="0.109" /><testcase classname="backend.tests.test_iteration7.TestMentorPushAuth" name="test_ea_not_owned" time="0.101" /><testcase classname="backend.tests.test_iteration7.TestMentorPushAuth" name="test_symbol_not_in_ea" time="0.100" /><testcase classname="backend.tests.test_iteration7.TestMentorPushFanout" name="test_buy_happy_path_both" time="0.105" /><testcase classname="backend.tests.test_iteration7.TestMentorPushFanout" name="test_buy_skipped_when_direction_sell_only" time="0.422" /><testcase classname="backend.tests.test_iteration7.TestBridgePair" name="test_pair_returns_token" time="0.101" /><testcase classname="backend.tests.test_iteration7.TestBridgePair" name="test_pair_rotates_token" time="0.221" /><testcase classname="backend.tests.test_iteration7.TestBridgeJobs" name="test_jobs_no_auth" time="0.096" /><testcase classname="backend.tests.test_iteration7.TestBridgeJobs" name="test_jobs_invalid_token" time="0.111" /><testcase classname="backend.tests.test_iteration7.TestBridgeJobs" name="test_get_jobs_delivers_and_clears" time="0.193" /><testcase classname="backend.tests.test_iteration7.TestBridgeJobs" name="test_ack_executed" time="0.138" /><testcase classname="backend.tests.test_iteration7.TestBridgeJobs" name="test_ack_cross_bridge_isolation" time="1.403" /><testcase classname="backend.tests.test_iteration7.TestMentorActivity" name="test_activity_lists_bridges_and_signals" time="0.098" /><testcase classname="backend.tests.test_iteration7.TestBridgeDownload" name="test_download_serves_python_file" time="0.103" /><testcase classname="backend.tests.test_iteration7.TestCascadeDelete" name="test_remove_symbol_cascades_pair_configs" time="0.314" /></testsuite></testsuites>