<?xml version="1.0" encoding="utf-8"?><testsuites name="pytest tests"><testsuite name="pytest" errors="0" failures="0" skipped="0" tests="12" time="2.494" timestamp="2026-06-22T10:44:56.946038+00:00" hostname="agent-env-0893b888-2947-4542-b9fd-1c1aa298fff6"><testcase classname="backend.tests.test_iteration27_payment_config.TestPaymentConfig" name="test_get_unauth_returns_401" time="0.509" /><testcase classname="backend.tests.test_iteration27_payment_config.TestPaymentConfig" name="test_get_admin_returns_all_11_fields" time="0.101" /><testcase classname="backend.tests.test_iteration27_payment_config.TestPaymentConfig" name="test_put_updates_persist_and_reflect_in_verify_config" time="0.200" /><testcase classname="backend.tests.test_iteration27_payment_config.TestPaymentConfig" name="test_put_invalid_base_amount_returns_400" time="0.042" /><testcase classname="backend.tests.test_iteration27_payment_config.TestPaymentConfig" name="test_put_invalid_whatsapp_returns_400" time="0.044" /><testcase classname="backend.tests.test_iteration27_payment_config.TestPaymentConfig" name="test_put_empty_clears_override" time="0.170" /><testcase classname="backend.tests.test_iteration27_payment_config.TestPaymentConfig" name="test_reset_wipes_overrides" time="0.140" /><testcase classname="backend.tests.test_iteration27_payment_config.TestTwoFA" name="test_2fa_status_unauth_401" time="0.108" /><testcase classname="backend.tests.test_iteration27_payment_config.TestTwoFA" name="test_2fa_status_admin_ok" time="0.045" /><testcase classname="backend.tests.test_iteration27_payment_config.TestSecurityHeaders" name="test_security_headers_present" time="0.091" /><testcase classname="backend.tests.test_iteration27_payment_config.TestPaymentProofDuplicate" name="test_duplicate_proof_returns_409" time="0.870" /><testcase classname="backend.tests.test_iteration27_payment_config.TestSignalInstantPush" name="test_push_signal_endpoint_shape" time="0.090" /></testsuite></testsuites>