<?xml version="1.0" encoding="utf-8"?><testsuites name="pytest tests"><testsuite name="pytest" errors="0" failures="0" skipped="0" tests="15" time="11.488" timestamp="2026-05-12T21:03:26.820335+00:00" hostname="agent-env-0893b888-2947-4542-b9fd-1c1aa298fff6"><testcase classname="backend.tests.test_mentor" name="test_mentor_endpoints_require_auth" time="0.744" /><testcase classname="backend.tests.test_mentor" name="test_stats_shape" time="1.606" /><testcase classname="backend.tests.test_mentor" name="test_ea_create_and_list" time="0.349" /><testcase classname="backend.tests.test_mentor" name="test_ea_limit_enforced" time="0.555" /><testcase classname="backend.tests.test_mentor" name="test_stats_reflects_eas" time="0.167" /><testcase classname="backend.tests.test_mentor" name="test_symbols_add_idempotent_delete" time="0.722" /><testcase classname="backend.tests.test_mentor" name="test_key_create_invalid_plan" time="0.374" /><testcase classname="backend.tests.test_mentor" name="test_key_create_unknown_ea_404" time="0.161" /><testcase classname="backend.tests.test_mentor" name="test_key_create_and_get" time="0.515" /><testcase classname="backend.tests.test_mentor" name="test_stats_reflects_generated" time="0.157" /><testcase classname="backend.tests.test_mentor" name="test_key_reactivate_30d" time="0.612" /><testcase classname="backend.tests.test_mentor" name="test_key_reactivate_lifetime_no_expiry" time="0.442" /><testcase classname="backend.tests.test_mentor" name="test_key_delete_frees_slot" time="1.235" /><testcase classname="backend.tests.test_mentor" name="test_ea_cascade_delete_keys" time="2.275" /><testcase classname="backend.tests.test_mentor" name="test_key_create_other_users_ea_404" time="1.310" /></testsuite></testsuites>