<?xml version="1.0" encoding="utf-8"?><testsuites name="pytest tests"><testsuite name="pytest" errors="0" failures="0" skipped="1" tests="9" time="3.070" timestamp="2026-05-14T08:23:57.172912+00:00" hostname="agent-env-0893b888-2947-4542-b9fd-1c1aa298fff6"><testcase classname="backend.tests.test_mobile.TestMobileCheckEmail" name="test_check_email_happy" time="1.611" /><testcase classname="backend.tests.test_mobile.TestMobileCheckEmail" name="test_check_email_unknown_404" time="0.119" /><testcase classname="backend.tests.test_mobile.TestMobileCheckEmail" name="test_check_email_pending_403" time="0.470" /><testcase classname="backend.tests.test_mobile.TestMobileCheckEmail" name="test_check_email_case_insensitive" time="0.099" /><testcase classname="backend.tests.test_mobile.TestMobileActivateLicense" name="test_activate_happy" time="0.125" /><testcase classname="backend.tests.test_mobile.TestMobileActivateLicense" name="test_activate_invalid_key_404" time="0.102" /><testcase classname="backend.tests.test_mobile.TestMobileActivateLicense" name="test_activate_unknown_email_403" time="0.143" /><testcase classname="backend.tests.test_mobile.TestMobileActivateLicense" name="test_activate_409_second_license_same_email" time="0.220" /><testcase classname="backend.tests.test_mobile.TestMobileExpired" name="test_expired_license_410" time="0.105"><skipped type="pytest.skip" message="No public/admin endpoint to forcibly expire a key — 410 path covered by code review of key_status().">/app/backend/tests/test_mobile.py:204: No public/admin endpoint to forcibly expire a key — 410 path covered by code review of key_status().</skipped></testcase></testsuite></testsuites>