<?xml version="1.0" encoding="utf-8"?><testsuites name="pytest tests"><testsuite name="pytest" errors="0" failures="1" skipped="0" tests="15" time="5.213" timestamp="2026-05-12T19:57:02.420093+00:00" hostname="agent-env-0893b888-2947-4542-b9fd-1c1aa298fff6"><testcase classname="backend.tests.backend_test" name="test_root" time="0.261" /><testcase classname="backend.tests.backend_test" name="test_register_returns_user_and_token" time="0.291" /><testcase classname="backend.tests.backend_test" name="test_register_duplicate_email_409" time="0.066" /><testcase classname="backend.tests.backend_test" name="test_register_validation_missing_fields" time="0.060" /><testcase classname="backend.tests.backend_test" name="test_register_short_password" time="0.061" /><testcase classname="backend.tests.backend_test" name="test_login_admin_seeded" time="0.286" /><testcase classname="backend.tests.backend_test" name="test_login_valid_fresh_user" time="0.283" /><testcase classname="backend.tests.backend_test" name="test_login_wrong_password_401" time="0.277" /><testcase classname="backend.tests.backend_test" name="test_login_brute_force_lockout_429" time="2.262"><failure message="AssertionError: expected 429 lockout, got 401 (prev 401) body={&quot;detail&quot;:&quot;Invalid email or password&quot;}&#10;assert 401 == 429&#10; +  where 401 = &lt;Response [401]&gt;.status_code">backend/tests/backend_test.py:140: in test_login_brute_force_lockout_429
    assert r.status_code == 429, f"expected 429 lockout, got {r.status_code} (prev {last_status}) body={r.text}"
E   AssertionError: expected 429 lockout, got 401 (prev 401) body={"detail":"Invalid email or password"}
E   assert 401 == 429
E    +  where 401 = &lt;Response [401]&gt;.status_code</failure></testcase><testcase classname="backend.tests.backend_test" name="test_me_with_bearer" time="0.185" /><testcase classname="backend.tests.backend_test" name="test_me_without_token_401" time="0.128" /><testcase classname="backend.tests.backend_test" name="test_logout_with_auth" time="0.260" /><testcase classname="backend.tests.backend_test" name="test_logout_without_auth_401" time="0.247" /><testcase classname="backend.tests.backend_test" name="test_dashboard_summary_authed" time="0.126" /><testcase classname="backend.tests.backend_test" name="test_dashboard_summary_unauth_401" time="0.166" /></testsuite></testsuites>