<?xml version="1.0" encoding="utf-8"?><testsuites name="pytest tests"><testsuite name="pytest" errors="0" failures="0" skipped="0" tests="25" time="10.942" timestamp="2026-05-12T20:29:48.561435+00:00" hostname="agent-env-0893b888-2947-4542-b9fd-1c1aa298fff6"><testcase classname="backend.tests.backend_test" name="test_root" time="0.278" /><testcase classname="backend.tests.backend_test" name="test_register_creates_pending_no_token" time="0.329" /><testcase classname="backend.tests.backend_test" name="test_register_duplicate_email_409" time="0.063" /><testcase classname="backend.tests.backend_test" name="test_register_validation_missing_fields" time="0.066" /><testcase classname="backend.tests.backend_test" name="test_register_short_password" time="0.066" /><testcase classname="backend.tests.backend_test" name="test_login_pending_user_403" time="0.309" /><testcase classname="backend.tests.backend_test" name="test_login_admin_seeded" time="0.307" /><testcase classname="backend.tests.backend_test" name="test_login_approved_user_200" time="1.517" /><testcase classname="backend.tests.backend_test" name="test_login_wrong_password_401" time="0.308" /><testcase classname="backend.tests.backend_test" name="test_login_brute_force_lockout_429" time="2.015" /><testcase classname="backend.tests.backend_test" name="test_me_with_bearer" time="0.157" /><testcase classname="backend.tests.backend_test" name="test_me_without_token_401" time="0.151" /><testcase classname="backend.tests.backend_test" name="test_logout_with_auth" time="0.117" /><testcase classname="backend.tests.backend_test" name="test_logout_without_auth_401" time="0.135" /><testcase classname="backend.tests.backend_test" name="test_dashboard_summary_authed" time="0.144" /><testcase classname="backend.tests.backend_test" name="test_dashboard_summary_unauth_401" time="0.122" /><testcase classname="backend.tests.backend_test" name="test_admin_stats_requires_auth" time="0.113" /><testcase classname="backend.tests.backend_test" name="test_admin_stats_forbids_non_admin" time="0.495" /><testcase classname="backend.tests.backend_test" name="test_admin_stats_shape" time="0.140" /><testcase classname="backend.tests.backend_test" name="test_admin_list_users_no_filter" time="0.283" /><testcase classname="backend.tests.backend_test" name="test_admin_list_users_status_filter" time="0.452" /><testcase classname="backend.tests.backend_test" name="test_admin_approve_flow" time="1.155" /><testcase classname="backend.tests.backend_test" name="test_admin_reject_flow" time="0.846" /><testcase classname="backend.tests.backend_test" name="test_admin_approve_unknown_user_404" time="0.148" /><testcase classname="backend.tests.backend_test" name="test_admin_endpoints_forbid_non_admin" time="0.895" /></testsuite></testsuites>